<?xml version="1.0" encoding="UTF-8"?>
<!-- Generated by org.testng.reporters.JUnitReportReporter -->
<testsuite hostname="DESKTOP-BIQO3F1" failures="0" tests="2" name="testNgExamples.Ex1" time="0.019" errors="0" timestamp="2023-05-12T08:46:04 IST" skipped="0">
  <testcase classname="testNgExamples.Ex1" name="test1" time="0.014"/>
  <system-out/>
  <testcase classname="testNgExamples.Ex1" name="test2" time="0.005"/>
  <system-out/>
</testsuite> <!-- testNgExamples.Ex1 -->
