<?xml version="1.0" encoding="UTF-8"?>
<!-- Generated by org.testng.reporters.JUnitReportReporter -->
<testsuite hostname="DESKTOP-BIQO3F1" failures="0" tests="4" name="testNgExamples.Ex3" time="0.011" errors="0" timestamp="2023-05-03T18:00:11 IST" skipped="0">
  <testcase classname="testNgExamples.Ex3" name="test3" time="0.002"/>
  <system-out/>
  <testcase classname="testNgExamples.Ex3" name="test1" time="0.003"/>
  <system-out/>
  <testcase classname="testNgExamples.Ex3" name="test1" time="0.003"/>
  <system-out/>
  <testcase classname="testNgExamples.Ex3" name="test2" time="0.003"/>
  <system-out/>
</testsuite> <!-- testNgExamples.Ex3 -->
