<?xml version="1.0" encoding="UTF-8"?>
<!-- Generated by org.testng.reporters.JUnitReportReporter -->
<testsuite hostname="DESKTOP-BIQO3F1" failures="0" tests="1" name="testNgExamples.Ex8" time="0.001" errors="0" timestamp="2023-05-03T18:00:11 IST" skipped="0">
  <testcase classname="testNgExamples.Ex8" name="login" time="0.001"/>
  <system-out/>
</testsuite> <!-- testNgExamples.Ex8 -->
