<?xml version="1.0" encoding="UTF-8"?>
<!-- Generated by org.testng.reporters.JUnitReportReporter -->
<testsuite hostname="DESKTOP-BIQO3F1" failures="0" tests="3" name="testNgExamples.Ex5" time="0.002" errors="0" timestamp="2023-05-03T18:00:11 IST" skipped="1">
  <testcase classname="testNgExamples.Ex5" name="test2" time="0.001"/>
  <system-out/>
  <testcase classname="testNgExamples.Ex5" name="test3" time="0.001"/>
  <system-out/>
  <testcase classname="testNgExamples.Ex5" name="test1">
    <skipped/>
  </testcase> <!-- test1 -->
  <system-out/>
</testsuite> <!-- testNgExamples.Ex5 -->
